<?xml version="1.0" encoding="UTF-8"?>
<!-- Generated by org.testng.reporters.JUnitReportReporter -->
<testsuite hostname="LAPTOP-P6NGCJ7D" failures="0" tests="2" name="Infynicucumberautomation.runners.Runner" time="8.490" errors="0" timestamp="2023-11-18T15:34:31 CST" skipped="0">
  <testcase classname="Infynicucumberautomation.runners.Runner" name="runScenario" time="4.996"/>
  <testcase classname="Infynicucumberautomation.runners.Runner" name="runScenario" time="3.494"/>
</testsuite> <!-- Infynicucumberautomation.runners.Runner -->
